<?xml version="1.0" encoding="UTF-8"?>
<testsuite xmlns:xsi="http://www.w3.org/2001/XMLSchema-instance" xsi:noNamespaceSchemaLocation="https://maven.apache.org/surefire/maven-surefire-plugin/xsd/surefire-test-report-3.0.xsd" version="3.0" name="com.example.mybatislearning.MyBatisApplicationTests" time="0.031" tests="6" errors="0" skipped="0" failures="0">
  <properties>
[...]
</properties>
  <testcase name="testProjectWithOrganization" classname="com.example.mybatislearning.MyBatisApplicationTests" time="0.005">
    <system-out><![CDATA[2025-12-21T03:57:52.777+09:00  INFO 7464 --- [           main] t.c.s.AnnotationConfigContextLoaderUtils : Could not detect default configuration classes for test class [com.example.mybatislearning.MyBatisApplicationTests]: MyBatisApplicationTests does not declare any static, non-private, non-final, nested classes annotated with @Configuration.
2025-12-21T03:57:52.777+09:00  INFO 7464 --- [           main] .b.t.c.SpringBootTestContextBootstrapper : Found @SpringBootConfiguration com.example.mybatislearning.MyBatisLearningApplication for test class com.example.mybatislearning.MyBatisApplicationTests

=== Project with Organization Test ===
Creating a new SqlSession
Registering transaction synchronization for SqlSession [org.apache.ibatis.session.defaults.DefaultSqlSession@651caa2e]
JDBC Connection [HikariProxyConnection@1887701594 wrapping conn0: url=jdbc:h2:mem:testdb user=SA] will be managed by Spring
==>  Preparing: SELECT p.id, p.project_name, p.organization_id, o.id AS org_id, o.name AS org_name, o.description AS org_description FROM projects p INNER JOIN organizations o ON p.organization_id = o.id WHERE p.id = ?
==> Parameters: 1(Long)
<==    Columns: ID, PROJECT_NAME, ORGANIZATION_ID, ORG_ID, ORG_NAME, ORG_DESCRIPTION
<==        Row: 1, Web Application Redesign, 1, 1, Tech Corp, Technology company focused on software development
<==      Total: 1
Releasing transactional SqlSession [org.apache.ibatis.session.defaults.DefaultSqlSession@651caa2e]
Transaction synchronization committing SqlSession [org.apache.ibatis.session.defaults.DefaultSqlSession@651caa2e]
Transaction synchronization deregistering SqlSession [org.apache.ibatis.session.defaults.DefaultSqlSession@651caa2e]
Transaction synchronization closing SqlSession [org.apache.ibatis.session.defaults.DefaultSqlSession@651caa2e]
Project with Organization: Project{id=1, projectName='Web Application Redesign', organizationId=1, organization=Tech Corp}
Organization Details: Organization{id=1, name='Tech Corp', description='Technology company focused on software development'}
=== Project with Organization Test Completed ===

]]></system-out>
  </testcase>
  <testcase name="testOrganizationAnnotationMapper" classname="com.example.mybatislearning.MyBatisApplicationTests" time="0.006">
    <system-out><![CDATA[
=== Organization Annotation Mapper Test ===
Creating a new SqlSession
SqlSession [org.apache.ibatis.session.defaults.DefaultSqlSession@3e998033] was not registered for synchronization because synchronization is not active
JDBC Connection [HikariProxyConnection@236590348 wrapping conn0: url=jdbc:h2:mem:testdb user=SA] will not be managed by Spring
==>  Preparing: INSERT INTO organizations (name, description) VALUES (?, ?)
==> Parameters: Annotation Org(String), Created via annotation(String)
<==    Updates: 1
Closing non transactional SqlSession [org.apache.ibatis.session.defaults.DefaultSqlSession@3e998033]
Created (Annotation): Organization{id=15, name='Annotation Org', description='Created via annotation'}
Creating a new SqlSession
SqlSession [org.apache.ibatis.session.defaults.DefaultSqlSession@527d5e48] was not registered for synchronization because synchronization is not active
JDBC Connection [HikariProxyConnection@1081819622 wrapping conn0: url=jdbc:h2:mem:testdb user=SA] will not be managed by Spring
==>  Preparing: SELECT * FROM organizations WHERE id = ?
==> Parameters: 15(Long)
<==    Columns: ID, NAME, DESCRIPTION
<==        Row: 15, Annotation Org, Created via annotation
<==      Total: 1
Closing non transactional SqlSession [org.apache.ibatis.session.defaults.DefaultSqlSession@527d5e48]
Retrieved (Annotation): Organization{id=15, name='Annotation Org', description='Created via annotation'}
Creating a new SqlSession
SqlSession [org.apache.ibatis.session.defaults.DefaultSqlSession@3291d9c2] was not registered for synchronization because synchronization is not active
JDBC Connection [HikariProxyConnection@1828522217 wrapping conn0: url=jdbc:h2:mem:testdb user=SA] will not be managed by Spring
==>  Preparing: SELECT * FROM organizations
==> Parameters: 
<==    Columns: ID, NAME, DESCRIPTION
<==        Row: 1, Tech Corp, Technology company focused on software development
<==        Row: 2, Business Solutions Inc, Enterprise business consulting services
<==        Row: 4, Test Organization, Test Description
<==        Row: 5, Updated Organization, Updated Description
<==        Row: 6, Select Test Org, Description for select
<==        Row: 8, Annotation Test Org, Created via annotation mapper
<==        Row: 9, Updated via Annotation, Updated Description
<==        Row: 10, Annotation Select Test, Description
<==        Row: 15, Annotation Org, Created via annotation
<==      Total: 9
Closing non transactional SqlSession [org.apache.ibatis.session.defaults.DefaultSqlSession@3291d9c2]
All Organizations (Annotation): 9 records
Creating a new SqlSession
SqlSession [org.apache.ibatis.session.defaults.DefaultSqlSession@54ca9420] was not registered for synchronization because synchronization is not active
JDBC Connection [HikariProxyConnection@1319406382 wrapping conn0: url=jdbc:h2:mem:testdb user=SA] will not be managed by Spring
==>  Preparing: UPDATE organizations SET name = ?, description = ? WHERE id = ?
==> Parameters: Updated Annotation Org(String), Created via annotation(String), 15(Long)
<==    Updates: 1
Closing non transactional SqlSession [org.apache.ibatis.session.defaults.DefaultSqlSession@54ca9420]
Creating a new SqlSession
SqlSession [org.apache.ibatis.session.defaults.DefaultSqlSession@72c704f1] was not registered for synchronization because synchronization is not active
JDBC Connection [HikariProxyConnection@1996087296 wrapping conn0: url=jdbc:h2:mem:testdb user=SA] will not be managed by Spring
==>  Preparing: SELECT * FROM organizations WHERE id = ?
==> Parameters: 15(Long)
<==    Columns: ID, NAME, DESCRIPTION
<==        Row: 15, Updated Annotation Org, Created via annotation
<==      Total: 1
Closing non transactional SqlSession [org.apache.ibatis.session.defaults.DefaultSqlSession@72c704f1]
Updated (Annotation): Organization{id=15, name='Updated Annotation Org', description='Created via annotation'}
Creating a new SqlSession
SqlSession [org.apache.ibatis.session.defaults.DefaultSqlSession@7612116b] was not registered for synchronization because synchronization is not active
JDBC Connection [HikariProxyConnection@470092156 wrapping conn0: url=jdbc:h2:mem:testdb user=SA] will not be managed by Spring
==>  Preparing: DELETE FROM organizations WHERE id = ?
==> Parameters: 15(Long)
<==    Updates: 1
Closing non transactional SqlSession [org.apache.ibatis.session.defaults.DefaultSqlSession@7612116b]
Creating a new SqlSession
SqlSession [org.apache.ibatis.session.defaults.DefaultSqlSession@562f6681] was not registered for synchronization because synchronization is not active
JDBC Connection [HikariProxyConnection@1869571492 wrapping conn0: url=jdbc:h2:mem:testdb user=SA] will not be managed by Spring
==>  Preparing: SELECT * FROM organizations WHERE id = ?
==> Parameters: 15(Long)
<==      Total: 0
Closing non transactional SqlSession [org.apache.ibatis.session.defaults.DefaultSqlSession@562f6681]
Deleted organization (Annotation) with ID: 15
=== Organization Annotation Mapper Test Completed ===

]]></system-out>
  </testcase>
  <testcase name="testProjectCrud" classname="com.example.mybatislearning.MyBatisApplicationTests" time="0.006">
    <system-out><![CDATA[
=== Project CRUD Test ===
Creating a new SqlSession
Registering transaction synchronization for SqlSession [org.apache.ibatis.session.defaults.DefaultSqlSession@990b86b]
JDBC Connection [HikariProxyConnection@274492574 wrapping conn0: url=jdbc:h2:mem:testdb user=SA] will be managed by Spring
==>  Preparing: INSERT INTO projects (project_name, organization_id) VALUES (?, ?)
==> Parameters: Test Project(String), 1(Long)
<==    Updates: 1
Releasing transactional SqlSession [org.apache.ibatis.session.defaults.DefaultSqlSession@990b86b]
Transaction synchronization committing SqlSession [org.apache.ibatis.session.defaults.DefaultSqlSession@990b86b]
Transaction synchronization deregistering SqlSession [org.apache.ibatis.session.defaults.DefaultSqlSession@990b86b]
Transaction synchronization closing SqlSession [org.apache.ibatis.session.defaults.DefaultSqlSession@990b86b]
Created: Project{id=12, projectName='Test Project', organizationId=1, organization=null}
Creating a new SqlSession
Registering transaction synchronization for SqlSession [org.apache.ibatis.session.defaults.DefaultSqlSession@40a7974]
JDBC Connection [HikariProxyConnection@1705294294 wrapping conn0: url=jdbc:h2:mem:testdb user=SA] will be managed by Spring
==>  Preparing: SELECT id, project_name, organization_id FROM projects WHERE id = ?
==> Parameters: 12(Long)
<==    Columns: ID, PROJECT_NAME, ORGANIZATION_ID
<==        Row: 12, Test Project, 1
<==      Total: 1
Releasing transactional SqlSession [org.apache.ibatis.session.defaults.DefaultSqlSession@40a7974]
Transaction synchronization committing SqlSession [org.apache.ibatis.session.defaults.DefaultSqlSession@40a7974]
Transaction synchronization deregistering SqlSession [org.apache.ibatis.session.defaults.DefaultSqlSession@40a7974]
Transaction synchronization closing SqlSession [org.apache.ibatis.session.defaults.DefaultSqlSession@40a7974]
Retrieved: Project{id=12, projectName='Test Project', organizationId=1, organization=null}
Creating a new SqlSession
Registering transaction synchronization for SqlSession [org.apache.ibatis.session.defaults.DefaultSqlSession@16ef1160]
JDBC Connection [HikariProxyConnection@1733902203 wrapping conn0: url=jdbc:h2:mem:testdb user=SA] will be managed by Spring
==>  Preparing: UPDATE projects SET project_name = ?, organization_id = ? WHERE id = ?
==> Parameters: Updated Project(String), 2(Long), 12(Long)
<==    Updates: 1
Releasing transactional SqlSession [org.apache.ibatis.session.defaults.DefaultSqlSession@16ef1160]
Transaction synchronization committing SqlSession [org.apache.ibatis.session.defaults.DefaultSqlSession@16ef1160]
Transaction synchronization deregistering SqlSession [org.apache.ibatis.session.defaults.DefaultSqlSession@16ef1160]
Transaction synchronization closing SqlSession [org.apache.ibatis.session.defaults.DefaultSqlSession@16ef1160]
Creating a new SqlSession
Registering transaction synchronization for SqlSession [org.apache.ibatis.session.defaults.DefaultSqlSession@2773504f]
JDBC Connection [HikariProxyConnection@1087439460 wrapping conn0: url=jdbc:h2:mem:testdb user=SA] will be managed by Spring
==>  Preparing: SELECT id, project_name, organization_id FROM projects WHERE id = ?
==> Parameters: 12(Long)
<==    Columns: ID, PROJECT_NAME, ORGANIZATION_ID
<==        Row: 12, Updated Project, 2
<==      Total: 1
Releasing transactional SqlSession [org.apache.ibatis.session.defaults.DefaultSqlSession@2773504f]
Transaction synchronization committing SqlSession [org.apache.ibatis.session.defaults.DefaultSqlSession@2773504f]
Transaction synchronization deregistering SqlSession [org.apache.ibatis.session.defaults.DefaultSqlSession@2773504f]
Transaction synchronization closing SqlSession [org.apache.ibatis.session.defaults.DefaultSqlSession@2773504f]
Updated: Project{id=12, projectName='Updated Project', organizationId=2, organization=null}
Creating a new SqlSession
Registering transaction synchronization for SqlSession [org.apache.ibatis.session.defaults.DefaultSqlSession@6edd4fe2]
JDBC Connection [HikariProxyConnection@1399215965 wrapping conn0: url=jdbc:h2:mem:testdb user=SA] will be managed by Spring
==>  Preparing: DELETE FROM projects WHERE id = ?
==> Parameters: 12(Long)
<==    Updates: 1
Releasing transactional SqlSession [org.apache.ibatis.session.defaults.DefaultSqlSession@6edd4fe2]
Transaction synchronization committing SqlSession [org.apache.ibatis.session.defaults.DefaultSqlSession@6edd4fe2]
Transaction synchronization deregistering SqlSession [org.apache.ibatis.session.defaults.DefaultSqlSession@6edd4fe2]
Transaction synchronization closing SqlSession [org.apache.ibatis.session.defaults.DefaultSqlSession@6edd4fe2]
Creating a new SqlSession
Registering transaction synchronization for SqlSession [org.apache.ibatis.session.defaults.DefaultSqlSession@1b6cad77]
JDBC Connection [HikariProxyConnection@1088348283 wrapping conn0: url=jdbc:h2:mem:testdb user=SA] will be managed by Spring
==>  Preparing: SELECT id, project_name, organization_id FROM projects WHERE id = ?
==> Parameters: 12(Long)
<==      Total: 0
Releasing transactional SqlSession [org.apache.ibatis.session.defaults.DefaultSqlSession@1b6cad77]
Transaction synchronization committing SqlSession [org.apache.ibatis.session.defaults.DefaultSqlSession@1b6cad77]
Transaction synchronization deregistering SqlSession [org.apache.ibatis.session.defaults.DefaultSqlSession@1b6cad77]
Transaction synchronization closing SqlSession [org.apache.ibatis.session.defaults.DefaultSqlSession@1b6cad77]
Deleted project with ID: 12
=== Project CRUD Test Completed ===

]]></system-out>
  </testcase>
  <testcase name="testProjectsByOrganization" classname="com.example.mybatislearning.MyBatisApplicationTests" time="0.002">
    <system-out><![CDATA[
=== Projects by Organization Test ===
Creating a new SqlSession
Registering transaction synchronization for SqlSession [org.apache.ibatis.session.defaults.DefaultSqlSession@21e39b82]
JDBC Connection [HikariProxyConnection@310426339 wrapping conn0: url=jdbc:h2:mem:testdb user=SA] will be managed by Spring
==>  Preparing: SELECT id, project_name, organization_id FROM projects WHERE organization_id = ?
==> Parameters: 1(Long)
<==    Columns: ID, PROJECT_NAME, ORGANIZATION_ID
<==        Row: 1, Web Application Redesign, 1
<==        Row: 2, Mobile App Development, 1
<==        Row: 5, New Test Project, 1
<==        Row: 7, Select Test Project, 1
<==      Total: 4
Releasing transactional SqlSession [org.apache.ibatis.session.defaults.DefaultSqlSession@21e39b82]
Transaction synchronization committing SqlSession [org.apache.ibatis.session.defaults.DefaultSqlSession@21e39b82]
Transaction synchronization deregistering SqlSession [org.apache.ibatis.session.defaults.DefaultSqlSession@21e39b82]
Transaction synchronization closing SqlSession [org.apache.ibatis.session.defaults.DefaultSqlSession@21e39b82]
Projects for Organization 1:
  - Project{id=1, projectName='Web Application Redesign', organizationId=1, organization=null}
  - Project{id=2, projectName='Mobile App Development', organizationId=1, organization=null}
  - Project{id=5, projectName='New Test Project', organizationId=1, organization=null}
  - Project{id=7, projectName='Select Test Project', organizationId=1, organization=null}
=== Projects by Organization Test Completed ===

]]></system-out>
  </testcase>
  <testcase name="testDatabaseAndSqlLogging" classname="com.example.mybatislearning.MyBatisApplicationTests" time="0.003">
    <system-out><![CDATA[
=== Database and SQL Logging Test ===
Creating a new SqlSession
Registering transaction synchronization for SqlSession [org.apache.ibatis.session.defaults.DefaultSqlSession@256a5df0]
JDBC Connection [HikariProxyConnection@320305128 wrapping conn0: url=jdbc:h2:mem:testdb user=SA] will be managed by Spring
==>  Preparing: SELECT id, name, description FROM organizations
==> Parameters: 
<==    Columns: ID, NAME, DESCRIPTION
<==        Row: 1, Tech Corp, Technology company focused on software development
<==        Row: 2, Business Solutions Inc, Enterprise business consulting services
<==        Row: 4, Test Organization, Test Description
<==        Row: 5, Updated Organization, Updated Description
<==        Row: 6, Select Test Org, Description for select
<==        Row: 8, Annotation Test Org, Created via annotation mapper
<==        Row: 9, Updated via Annotation, Updated Description
<==        Row: 10, Annotation Select Test, Description
<==      Total: 8
Releasing transactional SqlSession [org.apache.ibatis.session.defaults.DefaultSqlSession@256a5df0]
Transaction synchronization committing SqlSession [org.apache.ibatis.session.defaults.DefaultSqlSession@256a5df0]
Transaction synchronization deregistering SqlSession [org.apache.ibatis.session.defaults.DefaultSqlSession@256a5df0]
Transaction synchronization closing SqlSession [org.apache.ibatis.session.defaults.DefaultSqlSession@256a5df0]
Initial Organizations:
  - Organization{id=1, name='Tech Corp', description='Technology company focused on software development'}
  - Organization{id=2, name='Business Solutions Inc', description='Enterprise business consulting services'}
  - Organization{id=4, name='Test Organization', description='Test Description'}
  - Organization{id=5, name='Updated Organization', description='Updated Description'}
  - Organization{id=6, name='Select Test Org', description='Description for select'}
  - Organization{id=8, name='Annotation Test Org', description='Created via annotation mapper'}
  - Organization{id=9, name='Updated via Annotation', description='Updated Description'}
  - Organization{id=10, name='Annotation Select Test', description='Description'}
Creating a new SqlSession
Registering transaction synchronization for SqlSession [org.apache.ibatis.session.defaults.DefaultSqlSession@45790cb]
JDBC Connection [HikariProxyConnection@754485505 wrapping conn0: url=jdbc:h2:mem:testdb user=SA] will be managed by Spring
==>  Preparing: SELECT id, project_name, organization_id FROM projects
==> Parameters: 
<==    Columns: ID, PROJECT_NAME, ORGANIZATION_ID
<==        Row: 1, Web Application Redesign, 1
<==        Row: 2, Mobile App Development, 1
<==        Row: 3, ERP System Integration, 2
<==        Row: 5, New Test Project, 1
<==        Row: 6, Updated Project Name, 2
<==        Row: 7, Select Test Project, 1
<==      Total: 6
Releasing transactional SqlSession [org.apache.ibatis.session.defaults.DefaultSqlSession@45790cb]
Transaction synchronization committing SqlSession [org.apache.ibatis.session.defaults.DefaultSqlSession@45790cb]
Transaction synchronization deregistering SqlSession [org.apache.ibatis.session.defaults.DefaultSqlSession@45790cb]
Transaction synchronization closing SqlSession [org.apache.ibatis.session.defaults.DefaultSqlSession@45790cb]
Initial Projects:
  - Project{id=1, projectName='Web Application Redesign', organizationId=1, organization=null}
  - Project{id=2, projectName='Mobile App Development', organizationId=1, organization=null}
  - Project{id=3, projectName='ERP System Integration', organizationId=2, organization=null}
  - Project{id=5, projectName='New Test Project', organizationId=1, organization=null}
  - Project{id=6, projectName='Updated Project Name', organizationId=2, organization=null}
  - Project{id=7, projectName='Select Test Project', organizationId=1, organization=null}
SQL logs are automatically output via MyBatis configuration
=== Database and SQL Logging Test Completed ===

]]></system-out>
  </testcase>
  <testcase name="testOrganizationCrud" classname="com.example.mybatislearning.MyBatisApplicationTests" time="0.004">
    <system-out><![CDATA[
=== Organization CRUD Test ===
Creating a new SqlSession
Registering transaction synchronization for SqlSession [org.apache.ibatis.session.defaults.DefaultSqlSession@4780341]
JDBC Connection [HikariProxyConnection@1630192523 wrapping conn0: url=jdbc:h2:mem:testdb user=SA] will be managed by Spring
==>  Preparing: INSERT INTO organizations (name, description) VALUES (?, ?)
==> Parameters: Test Organization(String), Test Description(String)
<==    Updates: 1
Releasing transactional SqlSession [org.apache.ibatis.session.defaults.DefaultSqlSession@4780341]
Transaction synchronization committing SqlSession [org.apache.ibatis.session.defaults.DefaultSqlSession@4780341]
Transaction synchronization deregistering SqlSession [org.apache.ibatis.session.defaults.DefaultSqlSession@4780341]
Transaction synchronization closing SqlSession [org.apache.ibatis.session.defaults.DefaultSqlSession@4780341]
Created: Organization{id=16, name='Test Organization', description='Test Description'}
Creating a new SqlSession
Registering transaction synchronization for SqlSession [org.apache.ibatis.session.defaults.DefaultSqlSession@9f2fe2e]
JDBC Connection [HikariProxyConnection@2032613967 wrapping conn0: url=jdbc:h2:mem:testdb user=SA] will be managed by Spring
==>  Preparing: SELECT id, name, description FROM organizations WHERE id = ?
==> Parameters: 16(Long)
<==    Columns: ID, NAME, DESCRIPTION
<==        Row: 16, Test Organization, Test Description
<==      Total: 1
Releasing transactional SqlSession [org.apache.ibatis.session.defaults.DefaultSqlSession@9f2fe2e]
Transaction synchronization committing SqlSession [org.apache.ibatis.session.defaults.DefaultSqlSession@9f2fe2e]
Transaction synchronization deregistering SqlSession [org.apache.ibatis.session.defaults.DefaultSqlSession@9f2fe2e]
Transaction synchronization closing SqlSession [org.apache.ibatis.session.defaults.DefaultSqlSession@9f2fe2e]
Retrieved: Organization{id=16, name='Test Organization', description='Test Description'}
Creating a new SqlSession
Registering transaction synchronization for SqlSession [org.apache.ibatis.session.defaults.DefaultSqlSession@4e26987b]
JDBC Connection [HikariProxyConnection@959718932 wrapping conn0: url=jdbc:h2:mem:testdb user=SA] will be managed by Spring
==>  Preparing: UPDATE organizations SET name = ?, description = ? WHERE id = ?
==> Parameters: Updated Organization(String), Updated Description(String), 16(Long)
<==    Updates: 1
Releasing transactional SqlSession [org.apache.ibatis.session.defaults.DefaultSqlSession@4e26987b]
Transaction synchronization committing SqlSession [org.apache.ibatis.session.defaults.DefaultSqlSession@4e26987b]
Transaction synchronization deregistering SqlSession [org.apache.ibatis.session.defaults.DefaultSqlSession@4e26987b]
Transaction synchronization closing SqlSession [org.apache.ibatis.session.defaults.DefaultSqlSession@4e26987b]
Creating a new SqlSession
Registering transaction synchronization for SqlSession [org.apache.ibatis.session.defaults.DefaultSqlSession@7981963f]
JDBC Connection [HikariProxyConnection@189629356 wrapping conn0: url=jdbc:h2:mem:testdb user=SA] will be managed by Spring
==>  Preparing: SELECT id, name, description FROM organizations WHERE id = ?
==> Parameters: 16(Long)
<==    Columns: ID, NAME, DESCRIPTION
<==        Row: 16, Updated Organization, Updated Description
<==      Total: 1
Releasing transactional SqlSession [org.apache.ibatis.session.defaults.DefaultSqlSession@7981963f]
Transaction synchronization committing SqlSession [org.apache.ibatis.session.defaults.DefaultSqlSession@7981963f]
Transaction synchronization deregistering SqlSession [org.apache.ibatis.session.defaults.DefaultSqlSession@7981963f]
Transaction synchronization closing SqlSession [org.apache.ibatis.session.defaults.DefaultSqlSession@7981963f]
Updated: Organization{id=16, name='Updated Organization', description='Updated Description'}
Creating a new SqlSession
Registering transaction synchronization for SqlSession [org.apache.ibatis.session.defaults.DefaultSqlSession@13d10057]
JDBC Connection [HikariProxyConnection@345584390 wrapping conn0: url=jdbc:h2:mem:testdb user=SA] will be managed by Spring
==>  Preparing: DELETE FROM organizations WHERE id = ?
==> Parameters: 16(Long)
<==    Updates: 1
Releasing transactional SqlSession [org.apache.ibatis.session.defaults.DefaultSqlSession@13d10057]
Transaction synchronization committing SqlSession [org.apache.ibatis.session.defaults.DefaultSqlSession@13d10057]
Transaction synchronization deregistering SqlSession [org.apache.ibatis.session.defaults.DefaultSqlSession@13d10057]
Transaction synchronization closing SqlSession [org.apache.ibatis.session.defaults.DefaultSqlSession@13d10057]
Creating a new SqlSession
Registering transaction synchronization for SqlSession [org.apache.ibatis.session.defaults.DefaultSqlSession@73ae82da]
JDBC Connection [HikariProxyConnection@752202140 wrapping conn0: url=jdbc:h2:mem:testdb user=SA] will be managed by Spring
==>  Preparing: SELECT id, name, description FROM organizations WHERE id = ?
==> Parameters: 16(Long)
<==      Total: 0
Releasing transactional SqlSession [org.apache.ibatis.session.defaults.DefaultSqlSession@73ae82da]
Transaction synchronization committing SqlSession [org.apache.ibatis.session.defaults.DefaultSqlSession@73ae82da]
Transaction synchronization deregistering SqlSession [org.apache.ibatis.session.defaults.DefaultSqlSession@73ae82da]
Transaction synchronization closing SqlSession [org.apache.ibatis.session.defaults.DefaultSqlSession@73ae82da]
Deleted organization with ID: 16
=== Organization CRUD Test Completed ===

]]></system-out>
  </testcase>
</testsuite>