<?xml version="1.0" encoding="UTF-8"?>
<testsuite xmlns:xsi="http://www.w3.org/2001/XMLSchema-instance" xsi:noNamespaceSchemaLocation="https://maven.apache.org/surefire/maven-surefire-plugin/xsd/surefire-test-report-3.0.xsd" version="3.0" name="com.example.mybatislearning.DatabaseSchemaTest" time="1.919" tests="7" errors="0" skipped="0" failures="0">
  <properties>
[...]
</properties>
  <testcase name="projectsTableExists" classname="com.example.mybatislearning.DatabaseSchemaTest" time="0.538">
    <system-out><![CDATA[16:45:30.129 [main] INFO org.springframework.test.context.support.AnnotationConfigContextLoaderUtils -- Could not detect default configuration classes for test class [com.example.mybatislearning.DatabaseSchemaTest]: DatabaseSchemaTest does not declare any static, non-private, non-final, nested classes annotated with @Configuration.
16:45:30.178 [main] INFO org.springframework.boot.test.context.SpringBootTestContextBootstrapper -- Found @SpringBootConfiguration com.example.mybatislearning.MyBatisLearningApplication for test class com.example.mybatislearning.DatabaseSchemaTest

  .   ____          _            __ _ _
 /\\ / ___'_ __ _ _(_)_ __  __ _ \ \ \ \
( ( )\___ | '_ | '_| | '_ \/ _` | \ \ \ \
 \\/  ___)| |_)| | | | | || (_| |  ) ) ) )
  '  |____| .__|_| |_|_| |_\__, | / / / /
 =========|_|==============|___/=/_/_/_/
 :: Spring Boot ::                (v3.2.0)

2025-12-20T16:45:30.411+09:00  INFO 43815 --- [           main] c.e.mybatislearning.DatabaseSchemaTest   : Starting DatabaseSchemaTest using Java 21.0.9 with PID 43815 (started by akiraabe in /Users/akiraabe/practice/mybatis-learning)
2025-12-20T16:45:30.412+09:00  INFO 43815 --- [           main] c.e.mybatislearning.DatabaseSchemaTest   : No active profile set, falling back to 1 default profile: "default"
2025-12-20T16:45:30.768+09:00  WARN 43815 --- [           main] o.m.s.mapper.ClassPathMapperScanner      : No MyBatis mapper was found in '[com.example.mybatislearning]' package. Please check your configuration.
Logging initialized using 'class org.apache.ibatis.logging.stdout.StdOutImpl' adapter.
2025-12-20T16:45:31.204+09:00  INFO 43815 --- [           main] com.zaxxer.hikari.HikariDataSource       : HikariPool-1 - Starting...
2025-12-20T16:45:31.307+09:00  INFO 43815 --- [           main] com.zaxxer.hikari.pool.HikariPool        : HikariPool-1 - Added connection conn0: url=jdbc:h2:mem:testdb user=SA
2025-12-20T16:45:31.308+09:00  INFO 43815 --- [           main] com.zaxxer.hikari.HikariDataSource       : HikariPool-1 - Start completed.
2025-12-20T16:45:31.344+09:00  INFO 43815 --- [           main] o.s.b.a.h2.H2ConsoleAutoConfiguration    : H2 console available at '/h2-console'. Database available at 'jdbc:h2:mem:testdb'
2025-12-20T16:45:31.375+09:00  INFO 43815 --- [           main] c.e.mybatislearning.DatabaseSchemaTest   : Started DatabaseSchemaTest in 1.136 seconds (process running for 1.904)
]]></system-out>
    <system-err><![CDATA[WARNING: A Java agent has been loaded dynamically (/Users/akiraabe/.m2/repository/net/bytebuddy/byte-buddy-agent/1.14.10/byte-buddy-agent-1.14.10.jar)
WARNING: If a serviceability tool is in use, please run with -XX:+EnableDynamicAgentLoading to hide this warning
WARNING: If a serviceability tool is not in use, please run with -Djdk.instrument.traceUsage for more information
WARNING: Dynamic loading of agents will be disallowed by default in a future release
]]></system-err>
  </testcase>
  <testcase name="organizationsTableExists" classname="com.example.mybatislearning.DatabaseSchemaTest" time="0.004"/>
  <testcase name="foreignKeyConstraintExists" classname="com.example.mybatislearning.DatabaseSchemaTest" time="0.004"/>
  <testcase name="organizationDataHasCorrectStructure" classname="com.example.mybatislearning.DatabaseSchemaTest" time="0.006"/>
  <testcase name="foreignKeyRelationshipWorks" classname="com.example.mybatislearning.DatabaseSchemaTest" time="0.002"/>
  <testcase name="projectDataHasCorrectStructure" classname="com.example.mybatislearning.DatabaseSchemaTest" time="0.003"/>
  <testcase name="testDataIsLoaded" classname="com.example.mybatislearning.DatabaseSchemaTest" time="0.002"/>
</testsuite>