<?xml version="1.0" encoding="UTF-8"?>
<testsuite xmlns:xsi="http://www.w3.org/2001/XMLSchema-instance" xsi:noNamespaceSchemaLocation="https://maven.apache.org/surefire/maven-surefire-plugin/xsd/surefire-test-report-3.0.xsd" version="3.0" name="com.example.mybatislearning.mapper.OrganizationMapperTest" time="1.895" tests="5" errors="0" skipped="0" failures="0">
  <properties>
[...]
</properties>
  <testcase name="testSelectAll" classname="com.example.mybatislearning.mapper.OrganizationMapperTest" time="0.479">
    <system-out><![CDATA[03:57:50.709 [main] INFO org.springframework.test.context.support.AnnotationConfigContextLoaderUtils -- Could not detect default configuration classes for test class [com.example.mybatislearning.mapper.OrganizationMapperTest]: OrganizationMapperTest does not declare any static, non-private, non-final, nested classes annotated with @Configuration.
03:57:50.765 [main] INFO org.springframework.boot.test.context.SpringBootTestContextBootstrapper -- Found @SpringBootConfiguration com.example.mybatislearning.MyBatisLearningApplication for test class com.example.mybatislearning.mapper.OrganizationMapperTest

  .   ____          _            __ _ _
 /\\ / ___'_ __ _ _(_)_ __  __ _ \ \ \ \
( ( )\___ | '_ | '_| | '_ \/ _` | \ \ \ \
 \\/  ___)| |_)| | | | | || (_| |  ) ) ) )
  '  |____| .__|_| |_|_| |_\__, | / / / /
 =========|_|==============|___/=/_/_/_/
 :: Spring Boot ::                (v3.2.0)

2025-12-21T03:57:50.943+09:00  INFO 7464 --- [           main] c.e.m.mapper.OrganizationMapperTest      : Starting OrganizationMapperTest using Java 21.0.9 with PID 7464 (started by akiraabe in /Users/akiraabe/practice/mybatis-learning)
2025-12-21T03:57:50.944+09:00  INFO 7464 --- [           main] c.e.m.mapper.OrganizationMapperTest      : No active profile set, falling back to 1 default profile: "default"
2025-12-21T03:57:51.475+09:00  INFO 7464 --- [           main] com.zaxxer.hikari.HikariDataSource       : HikariPool-1 - Starting...
2025-12-21T03:57:51.637+09:00  INFO 7464 --- [           main] com.zaxxer.hikari.pool.HikariPool        : HikariPool-1 - Added connection conn0: url=jdbc:h2:mem:testdb user=SA
2025-12-21T03:57:51.638+09:00  INFO 7464 --- [           main] com.zaxxer.hikari.HikariDataSource       : HikariPool-1 - Start completed.
Logging initialized using 'class org.apache.ibatis.logging.stdout.StdOutImpl' adapter.
2025-12-21T03:57:51.977+09:00  INFO 7464 --- [           main] o.s.b.a.h2.H2ConsoleAutoConfiguration    : H2 console available at '/h2-console'. Database available at 'jdbc:h2:mem:testdb'
2025-12-21T03:57:52.010+09:00  INFO 7464 --- [           main] c.e.m.mapper.OrganizationMapperTest      : Started OrganizationMapperTest in 1.183 seconds (process running for 1.905)
Creating a new SqlSession
SqlSession [org.apache.ibatis.session.defaults.DefaultSqlSession@733fa95c] was not registered for synchronization because synchronization is not active
JDBC Connection [HikariProxyConnection@1350518777 wrapping conn0: url=jdbc:h2:mem:testdb user=SA] will not be managed by Spring
==>  Preparing: SELECT id, name, description FROM organizations
==> Parameters: 
<==    Columns: ID, NAME, DESCRIPTION
<==        Row: 1, Tech Corp, Technology company focused on software development
<==        Row: 2, Business Solutions Inc, Enterprise business consulting services
<==      Total: 2
Closing non transactional SqlSession [org.apache.ibatis.session.defaults.DefaultSqlSession@733fa95c]
All Organizations: [Organization{id=1, name='Tech Corp', description='Technology company focused on software development'}, Organization{id=2, name='Business Solutions Inc', description='Enterprise business consulting services'}]
]]></system-out>
    <system-err><![CDATA[WARNING: A Java agent has been loaded dynamically (/Users/akiraabe/.m2/repository/net/bytebuddy/byte-buddy-agent/1.14.10/byte-buddy-agent-1.14.10.jar)
WARNING: If a serviceability tool is in use, please run with -XX:+EnableDynamicAgentLoading to hide this warning
WARNING: If a serviceability tool is not in use, please run with -Djdk.instrument.traceUsage for more information
WARNING: Dynamic loading of agents will be disallowed by default in a future release
]]></system-err>
  </testcase>
  <testcase name="testDeleteById" classname="com.example.mybatislearning.mapper.OrganizationMapperTest" time="0.011">
    <system-out><![CDATA[Creating a new SqlSession
SqlSession [org.apache.ibatis.session.defaults.DefaultSqlSession@4af7ac25] was not registered for synchronization because synchronization is not active
JDBC Connection [HikariProxyConnection@140736469 wrapping conn0: url=jdbc:h2:mem:testdb user=SA] will not be managed by Spring
==>  Preparing: INSERT INTO organizations (name, description) VALUES (?, ?)
==> Parameters: Delete Test Org(String), To be deleted(String)
<==    Updates: 1
Closing non transactional SqlSession [org.apache.ibatis.session.defaults.DefaultSqlSession@4af7ac25]
Creating a new SqlSession
SqlSession [org.apache.ibatis.session.defaults.DefaultSqlSession@355493bf] was not registered for synchronization because synchronization is not active
JDBC Connection [HikariProxyConnection@2126273510 wrapping conn0: url=jdbc:h2:mem:testdb user=SA] will not be managed by Spring
==>  Preparing: DELETE FROM organizations WHERE id = ?
==> Parameters: 3(Long)
<==    Updates: 1
Closing non transactional SqlSession [org.apache.ibatis.session.defaults.DefaultSqlSession@355493bf]
Creating a new SqlSession
SqlSession [org.apache.ibatis.session.defaults.DefaultSqlSession@4e647f39] was not registered for synchronization because synchronization is not active
JDBC Connection [HikariProxyConnection@2004981696 wrapping conn0: url=jdbc:h2:mem:testdb user=SA] will not be managed by Spring
==>  Preparing: SELECT id, name, description FROM organizations WHERE id = ?
==> Parameters: 3(Long)
<==      Total: 0
Closing non transactional SqlSession [org.apache.ibatis.session.defaults.DefaultSqlSession@4e647f39]
Deleted organization with ID: 3
]]></system-out>
  </testcase>
  <testcase name="testInsert" classname="com.example.mybatislearning.mapper.OrganizationMapperTest" time="0.002">
    <system-out><![CDATA[Creating a new SqlSession
SqlSession [org.apache.ibatis.session.defaults.DefaultSqlSession@1c2cdc67] was not registered for synchronization because synchronization is not active
JDBC Connection [HikariProxyConnection@1277753726 wrapping conn0: url=jdbc:h2:mem:testdb user=SA] will not be managed by Spring
==>  Preparing: INSERT INTO organizations (name, description) VALUES (?, ?)
==> Parameters: Test Organization(String), Test Description(String)
<==    Updates: 1
Closing non transactional SqlSession [org.apache.ibatis.session.defaults.DefaultSqlSession@1c2cdc67]
Inserted: Organization{id=4, name='Test Organization', description='Test Description'}
]]></system-out>
  </testcase>
  <testcase name="testUpdate" classname="com.example.mybatislearning.mapper.OrganizationMapperTest" time="0.008">
    <system-out><![CDATA[Creating a new SqlSession
SqlSession [org.apache.ibatis.session.defaults.DefaultSqlSession@21d8da75] was not registered for synchronization because synchronization is not active
JDBC Connection [HikariProxyConnection@1511814681 wrapping conn0: url=jdbc:h2:mem:testdb user=SA] will not be managed by Spring
==>  Preparing: INSERT INTO organizations (name, description) VALUES (?, ?)
==> Parameters: Update Test Org(String), Original Description(String)
<==    Updates: 1
Closing non transactional SqlSession [org.apache.ibatis.session.defaults.DefaultSqlSession@21d8da75]
Creating a new SqlSession
SqlSession [org.apache.ibatis.session.defaults.DefaultSqlSession@20a946d9] was not registered for synchronization because synchronization is not active
JDBC Connection [HikariProxyConnection@725727419 wrapping conn0: url=jdbc:h2:mem:testdb user=SA] will not be managed by Spring
==>  Preparing: UPDATE organizations SET name = ?, description = ? WHERE id = ?
==> Parameters: Updated Organization(String), Updated Description(String), 5(Long)
<==    Updates: 1
Closing non transactional SqlSession [org.apache.ibatis.session.defaults.DefaultSqlSession@20a946d9]
Creating a new SqlSession
SqlSession [org.apache.ibatis.session.defaults.DefaultSqlSession@1feb586d] was not registered for synchronization because synchronization is not active
JDBC Connection [HikariProxyConnection@879319843 wrapping conn0: url=jdbc:h2:mem:testdb user=SA] will not be managed by Spring
==>  Preparing: SELECT id, name, description FROM organizations WHERE id = ?
==> Parameters: 5(Long)
<==    Columns: ID, NAME, DESCRIPTION
<==        Row: 5, Updated Organization, Updated Description
<==      Total: 1
Closing non transactional SqlSession [org.apache.ibatis.session.defaults.DefaultSqlSession@1feb586d]
Updated: Organization{id=5, name='Updated Organization', description='Updated Description'}
]]></system-out>
  </testcase>
  <testcase name="testSelectById" classname="com.example.mybatislearning.mapper.OrganizationMapperTest" time="0.003">
    <system-out><![CDATA[Creating a new SqlSession
SqlSession [org.apache.ibatis.session.defaults.DefaultSqlSession@611a2d82] was not registered for synchronization because synchronization is not active
JDBC Connection [HikariProxyConnection@1735717476 wrapping conn0: url=jdbc:h2:mem:testdb user=SA] will not be managed by Spring
==>  Preparing: INSERT INTO organizations (name, description) VALUES (?, ?)
==> Parameters: Select Test Org(String), Description for select(String)
<==    Updates: 1
Closing non transactional SqlSession [org.apache.ibatis.session.defaults.DefaultSqlSession@611a2d82]
Creating a new SqlSession
SqlSession [org.apache.ibatis.session.defaults.DefaultSqlSession@2299f6d7] was not registered for synchronization because synchronization is not active
JDBC Connection [HikariProxyConnection@1557594596 wrapping conn0: url=jdbc:h2:mem:testdb user=SA] will not be managed by Spring
==>  Preparing: SELECT id, name, description FROM organizations WHERE id = ?
==> Parameters: 6(Long)
<==    Columns: ID, NAME, DESCRIPTION
<==        Row: 6, Select Test Org, Description for select
<==      Total: 1
Closing non transactional SqlSession [org.apache.ibatis.session.defaults.DefaultSqlSession@2299f6d7]
Retrieved: Organization{id=6, name='Select Test Org', description='Description for select'}
]]></system-out>
  </testcase>
</testsuite>